<?xml version="1.0" encoding="UTF-8"?>
<coverage generated="1679779170187" clover="3.2.0">
  <project timestamp="1679779170187" name="All files">
    <metrics statements="12" coveredstatements="0" conditionals="0" coveredconditionals="0" methods="5" coveredmethods="0" elements="17" coveredelements="0" complexity="0" loc="12" ncloc="12" packages="2" files="5" classes="5"/>
    <package name="component_01">
      <metrics statements="6" coveredstatements="0" conditionals="0" coveredconditionals="0" methods="3" coveredmethods="0"/>
      <file name="Comp_css.js" path="/Users/mattcpchen/Desktop/untitled folder/react-app-v18/src/setup-guide/component_01/Comp_css.js">
        <metrics statements="2" coveredstatements="0" conditionals="0" coveredconditionals="0" methods="1" coveredmethods="0"/>
        <line num="7" count="0" type="stmt"/>
        <line num="8" count="0" type="stmt"/>
      </file>
      <file name="Comp_module.js" path="/Users/mattcpchen/Desktop/untitled folder/react-app-v18/src/setup-guide/component_01/Comp_module.js">
        <metrics statements="2" coveredstatements="0" conditionals="0" coveredconditionals="0" methods="1" coveredmethods="0"/>
        <line num="8" count="0" type="stmt"/>
        <line num="9" count="0" type="stmt"/>
      </file>
      <file name="Component_01.js" path="/Users/mattcpchen/Desktop/untitled folder/react-app-v18/src/setup-guide/component_01/Component_01.js">
        <metrics statements="2" coveredstatements="0" conditionals="0" coveredconditionals="0" methods="1" coveredmethods="0"/>
        <line num="8" count="0" type="stmt"/>
        <line num="9" count="0" type="stmt"/>
      </file>
    </package>
    <package name="component_03">
      <metrics statements="6" coveredstatements="0" conditionals="0" coveredconditionals="0" methods="2" coveredmethods="0"/>
      <file name="Component_03.js" path="/Users/mattcpchen/Desktop/untitled folder/react-app-v18/src/setup-guide/component_03/Component_03.js">
        <metrics statements="4" coveredstatements="0" conditionals="0" coveredconditionals="0" methods="1" coveredmethods="0"/>
        <line num="8" count="0" type="stmt"/>
        <line num="14" count="0" type="stmt"/>
        <line num="19" count="0" type="stmt"/>
        <line num="20" count="0" type="stmt"/>
      </file>
      <file name="Component_03.story.js" path="/Users/mattcpchen/Desktop/untitled folder/react-app-v18/src/setup-guide/component_03/Component_03.story.js">
        <metrics statements="2" coveredstatements="0" conditionals="0" coveredconditionals="0" methods="1" coveredmethods="0"/>
        <line num="4" count="0" type="stmt"/>
        <line num="6" count="0" type="stmt"/>
      </file>
    </package>
  </project>
</coverage>
