{"/Users/mattcpchen/Desktop/untitled folder/react-app-v18/src/setup-guide/component_01/Comp_css.js": {"path":"/Users/mattcpchen/Desktop/untitled folder/react-app-v18/src/setup-guide/component_01/Comp_css.js","statementMap":{"0":{"start":{"line":7,"column":21},"end":{"line":16,"column":1}},"1":{"start":{"line":8,"column":2},"end":{"line":15,"column":4}}},"fnMap":{"0":{"name":"(anonymous_0)","decl":{"start":{"line":7,"column":21},"end":{"line":7,"column":22}},"loc":{"start":{"line":7,"column":27},"end":{"line":16,"column":1}},"line":7}},"branchMap":{},"s":{"0":0,"1":0},"f":{"0":0},"b":{}}
,"/Users/mattcpchen/Desktop/untitled folder/react-app-v18/src/setup-guide/component_01/Comp_module.js": {"path":"/Users/mattcpchen/Desktop/untitled folder/react-app-v18/src/setup-guide/component_01/Comp_module.js","statementMap":{"0":{"start":{"line":8,"column":21},"end":{"line":19,"column":1}},"1":{"start":{"line":9,"column":2},"end":{"line":18,"column":4}}},"fnMap":{"0":{"name":"(anonymous_0)","decl":{"start":{"line":8,"column":21},"end":{"line":8,"column":22}},"loc":{"start":{"line":8,"column":27},"end":{"line":19,"column":1}},"line":8}},"branchMap":{},"s":{"0":0,"1":0},"f":{"0":0},"b":{}}
,"/Users/mattcpchen/Desktop/untitled folder/react-app-v18/src/setup-guide/component_01/Component_01.js": {"path":"/Users/mattcpchen/Desktop/untitled folder/react-app-v18/src/setup-guide/component_01/Component_01.js","statementMap":{"0":{"start":{"line":8,"column":21},"end":{"line":23,"column":1}},"1":{"start":{"line":9,"column":2},"end":{"line":22,"column":4}}},"fnMap":{"0":{"name":"(anonymous_0)","decl":{"start":{"line":8,"column":21},"end":{"line":8,"column":22}},"loc":{"start":{"line":8,"column":27},"end":{"line":23,"column":1}},"line":8}},"branchMap":{},"s":{"0":0,"1":0},"f":{"0":0},"b":{}}
,"/Users/mattcpchen/Desktop/untitled folder/react-app-v18/src/setup-guide/component_03/Component_03.js": {"path":"/Users/mattcpchen/Desktop/untitled folder/react-app-v18/src/setup-guide/component_03/Component_03.js","statementMap":{"0":{"start":{"line":8,"column":18},"end":{"line":12,"column":1}},"1":{"start":{"line":14,"column":25},"end":{"line":17,"column":1}},"2":{"start":{"line":19,"column":21},"end":{"line":28,"column":1}},"3":{"start":{"line":20,"column":2},"end":{"line":27,"column":4}}},"fnMap":{"0":{"name":"(anonymous_0)","decl":{"start":{"line":19,"column":21},"end":{"line":19,"column":22}},"loc":{"start":{"line":19,"column":27},"end":{"line":28,"column":1}},"line":19}},"branchMap":{},"s":{"0":0,"1":0,"2":0,"3":0},"f":{"0":0},"b":{}}
,"/Users/mattcpchen/Desktop/untitled folder/react-app-v18/src/setup-guide/component_03/Component_03.story.js": {"path":"/Users/mattcpchen/Desktop/untitled folder/react-app-v18/src/setup-guide/component_03/Component_03.story.js","statementMap":{"0":{"start":{"line":4,"column":0},"end":{"line":7,"column":5}},"1":{"start":{"line":6,"column":4},"end":{"line":6,"column":20}}},"fnMap":{"0":{"name":"(anonymous_0)","decl":{"start":{"line":5,"column":23},"end":{"line":5,"column":24}},"loc":{"start":{"line":6,"column":4},"end":{"line":6,"column":20}},"line":6}},"branchMap":{},"s":{"0":0,"1":0},"f":{"0":0},"b":{}}
}
